skewer v0.2.2 [April 4, 2016]
COMMAND LINE:	/usr/local/bin/skewer -l 0 -k 12 -x ./skewer/skewer_adapters_single.R2.fasta ./skewer/combined.R2.fastq
Input file:	./skewer/combined.R2.fastq
trimmed:	./skewer/combined.R2-trimmed.fastq

Parameters used:
-- 3' end adapter sequences in file (-x):	./skewer/skewer_adapters_single.R2.fasta
A:	AGATCGGAAGAGCGTCGTGTAGGGAAAGAGTGT
-- maximum error ratio allowed (-r):	0.100
-- maximum indel error ratio allowed (-d):	0.030
-- minimum read length allowed after trimming (-l):	0
-- file format (-f):		Sanger/Illumina 1.8+ FASTQ (auto detected)
-- minimum overlap length for adapter detection (-k):	12
Thu Jan 14 09:33:05 2021 >> started

Thu Jan 14 09:33:20 2021 >> done (28.895s)
952102 reads processed; of these:
952102 (100.00%) reads available; of these:
163453 (17.17%) trimmed reads available after processing
788649 (82.83%) untrimmed reads available after processing

Length distribution of reads after trimming:
length	count	percentage
 22	    51	  0.01%
 23	    74	  0.01%
 24	    59	  0.01%
 25	    65	  0.01%
 26	    63	  0.01%
 27	    58	  0.01%
 28	    41	  0.00%
 29	    52	  0.01%
 30	    73	  0.01%
 31	    59	  0.01%
 32	    76	  0.01%
 33	    63	  0.01%
 34	    42	  0.00%
 35	    72	  0.01%
 36	    90	  0.01%
 37	    61	  0.01%
 38	    64	  0.01%
 39	    75	  0.01%
 40	    74	  0.01%
 41	    74	  0.01%
 42	    86	  0.01%
 43	    97	  0.01%
 44	    81	  0.01%
 45	    83	  0.01%
 46	   110	  0.01%
 47	    99	  0.01%
 48	    93	  0.01%
 49	   118	  0.01%
 50	    77	  0.01%
 51	   120	  0.01%
 52	   138	  0.01%
 53	    74	  0.01%
 54	   108	  0.01%
 55	   103	  0.01%
 56	   128	  0.01%
 57	   117	  0.01%
 58	   142	  0.01%
 59	   140	  0.01%
 60	   143	  0.02%
 61	   126	  0.01%
 62	   155	  0.02%
 63	   144	  0.02%
 64	   155	  0.02%
 65	   143	  0.02%
 66	   126	  0.01%
 67	   171	  0.02%
 68	   169	  0.02%
 69	   152	  0.02%
 70	   201	  0.02%
 71	   196	  0.02%
 72	   164	  0.02%
 73	   205	  0.02%
 74	   199	  0.02%
 75	   191	  0.02%
 76	   198	  0.02%
 77	   209	  0.02%
 78	   232	  0.02%
 79	   223	  0.02%
 80	   216	  0.02%
 81	   245	  0.03%
 82	   242	  0.03%
 83	   212	  0.02%
 84	   248	  0.03%
 85	   245	  0.03%
 86	   240	  0.03%
 87	   233	  0.02%
 88	   307	  0.03%
 89	   328	  0.03%
 90	   271	  0.03%
 91	   267	  0.03%
 92	   335	  0.04%
 93	   262	  0.03%
 94	   281	  0.03%
 95	   329	  0.03%
 96	   329	  0.03%
 97	   311	  0.03%
 98	   340	  0.04%
 99	   362	  0.04%
100	   356	  0.04%
101	   332	  0.03%
102	   331	  0.03%
103	   400	  0.04%
104	   389	  0.04%
105	   396	  0.04%
106	   394	  0.04%
107	   435	  0.05%
108	   468	  0.05%
109	   412	  0.04%
110	   439	  0.05%
111	   399	  0.04%
112	   417	  0.04%
113	   380	  0.04%
114	   460	  0.05%
115	   489	  0.05%
116	   512	  0.05%
117	   503	  0.05%
118	   498	  0.05%
119	   463	  0.05%
120	   601	  0.06%
121	   480	  0.05%
122	   389	  0.04%
123	   665	  0.07%
124	   771	  0.08%
125	   454	  0.05%
126	   626	  0.07%
127	   610	  0.06%
128	   650	  0.07%
129	   713	  0.07%
130	   659	  0.07%
131	   576	  0.06%
132	   671	  0.07%
133	   801	  0.08%
134	   723	  0.08%
135	   566	  0.06%
136	   663	  0.07%
137	   690	  0.07%
138	   906	  0.10%
139	   714	  0.07%
140	   773	  0.08%
141	   893	  0.09%
142	   800	  0.08%
143	   752	  0.08%
144	   769	  0.08%
145	   864	  0.09%
146	   977	  0.10%
147	   930	  0.10%
148	   960	  0.10%
149	   886	  0.09%
150	   887	  0.09%
151	   732	  0.08%
152	   954	  0.10%
153	  1089	  0.11%
154	   994	  0.10%
155	   861	  0.09%
156	  1041	  0.11%
157	  1012	  0.11%
158	  1036	  0.11%
159	   853	  0.09%
160	  1250	  0.13%
161	  1119	  0.12%
162	  1062	  0.11%
163	  1107	  0.12%
164	  1242	  0.13%
165	  1086	  0.11%
166	  1374	  0.14%
167	  1371	  0.14%
168	  1371	  0.14%
169	   950	  0.10%
170	  1224	  0.13%
171	  1159	  0.12%
172	  1060	  0.11%
173	  1529	  0.16%
174	  1107	  0.12%
175	  1345	  0.14%
176	  1980	  0.21%
177	  1514	  0.16%
178	  1020	  0.11%
179	  1554	  0.16%
180	  1270	  0.13%
181	  1356	  0.14%
182	  1531	  0.16%
183	  1265	  0.13%
184	  1745	  0.18%
185	  1871	  0.20%
186	  1657	  0.17%
187	  1381	  0.15%
188	  1535	  0.16%
189	  1945	  0.20%
190	  1852	  0.19%
191	  1430	  0.15%
192	  1600	  0.17%
193	  1576	  0.17%
194	  2093	  0.22%
195	  1805	  0.19%
196	  1858	  0.20%
197	  1892	  0.20%
198	  1622	  0.17%
199	  1378	  0.14%
200	  2134	  0.22%
201	  2135	  0.22%
202	  2064	  0.22%
203	  2061	  0.22%
204	  1499	  0.16%
205	  2213	  0.23%
206	  1695	  0.18%
207	  2173	  0.23%
208	  2069	  0.22%
209	  1988	  0.21%
210	  2562	  0.27%
211	  2371	  0.25%
212	  1879	  0.20%
213	  2214	  0.23%
214	  2256	  0.24%
215	  2213	  0.23%
216	  2094	  0.22%
217	  2040	  0.21%
218	  2974	  0.31%
219	  2572	  0.27%
220	  2394	  0.25%
221	  1958	  0.21%
222	  1835	  0.19%
223	  1868	  0.20%
224	  1667	  0.18%
225	   670	  0.07%
226	     0	  0.00%
227	     0	  0.00%
228	     0	  0.00%
229	     0	  0.00%
230	     0	  0.00%
231	     0	  0.00%
232	     0	  0.00%
233	     0	  0.00%
234	195930	 20.58%
235	202324	 21.25%
236	190980	 20.06%
237	199415	 20.94%
