skewer v0.2.2 [April 4, 2016]
COMMAND LINE:	/usr/local/bin/skewer -l 0 -k 12 -x ./skewer/skewer_adapters_single.R1.fasta ./skewer/combined.R1.fastq
Input file:	./skewer/combined.R1.fastq
trimmed:	./skewer/combined.R1-trimmed.fastq

Parameters used:
-- 3' end adapter sequences in file (-x):	./skewer/skewer_adapters_single.R1.fasta
A:	AGATCGGAAGAGCACACGTCTGAACTCCAGTCAC
-- maximum error ratio allowed (-r):	0.100
-- maximum indel error ratio allowed (-d):	0.030
-- minimum read length allowed after trimming (-l):	0
-- file format (-f):		Sanger/Illumina 1.8+ FASTQ (auto detected)
-- minimum overlap length for adapter detection (-k):	12
Thu Jan 14 09:32:41 2021 >> started

Thu Jan 14 09:32:54 2021 >> done (24.965s)
952102 reads processed; of these:
952102 (100.00%) reads available; of these:
163544 (17.18%) trimmed reads available after processing
788558 (82.82%) untrimmed reads available after processing

Length distribution of reads after trimming:
length	count	percentage
 22	    48	  0.01%
 23	    75	  0.01%
 24	    54	  0.01%
 25	    71	  0.01%
 26	    63	  0.01%
 27	    45	  0.00%
 28	    47	  0.00%
 29	    54	  0.01%
 30	    64	  0.01%
 31	    71	  0.01%
 32	    77	  0.01%
 33	    64	  0.01%
 34	    64	  0.01%
 35	    62	  0.01%
 36	    61	  0.01%
 37	    70	  0.01%
 38	    75	  0.01%
 39	    57	  0.01%
 40	    73	  0.01%
 41	    66	  0.01%
 42	    99	  0.01%
 43	   103	  0.01%
 44	    87	  0.01%
 45	   104	  0.01%
 46	   113	  0.01%
 47	    81	  0.01%
 48	    99	  0.01%
 49	   101	  0.01%
 50	   106	  0.01%
 51	    97	  0.01%
 52	   125	  0.01%
 53	    91	  0.01%
 54	    99	  0.01%
 55	   148	  0.02%
 56	   107	  0.01%
 57	   117	  0.01%
 58	   143	  0.02%
 59	   125	  0.01%
 60	   131	  0.01%
 61	   147	  0.02%
 62	   143	  0.02%
 63	   134	  0.01%
 64	   148	  0.02%
 65	   156	  0.02%
 66	   128	  0.01%
 67	   160	  0.02%
 68	   163	  0.02%
 69	   184	  0.02%
 70	   173	  0.02%
 71	   182	  0.02%
 72	   183	  0.02%
 73	   231	  0.02%
 74	   228	  0.02%
 75	   168	  0.02%
 76	   190	  0.02%
 77	   209	  0.02%
 78	   197	  0.02%
 79	   232	  0.02%
 80	   236	  0.02%
 81	   223	  0.02%
 82	   255	  0.03%
 83	   253	  0.03%
 84	   270	  0.03%
 85	   196	  0.02%
 86	   250	  0.03%
 87	   229	  0.02%
 88	   335	  0.04%
 89	   305	  0.03%
 90	   224	  0.02%
 91	   338	  0.04%
 92	   343	  0.04%
 93	   298	  0.03%
 94	   296	  0.03%
 95	   259	  0.03%
 96	   264	  0.03%
 97	   335	  0.04%
 98	   387	  0.04%
 99	   340	  0.04%
100	   347	  0.04%
101	   308	  0.03%
102	   372	  0.04%
103	   343	  0.04%
104	   408	  0.04%
105	   445	  0.05%
106	   417	  0.04%
107	   352	  0.04%
108	   415	  0.04%
109	   442	  0.05%
110	   428	  0.04%
111	   457	  0.05%
112	   422	  0.04%
113	   491	  0.05%
114	   403	  0.04%
115	   524	  0.06%
116	   430	  0.05%
117	   468	  0.05%
118	   525	  0.06%
119	   465	  0.05%
120	   489	  0.05%
121	   618	  0.06%
122	   494	  0.05%
123	   538	  0.06%
124	   666	  0.07%
125	   643	  0.07%
126	   521	  0.05%
127	   669	  0.07%
128	   604	  0.06%
129	   699	  0.07%
130	   604	  0.06%
131	   547	  0.06%
132	   716	  0.08%
133	   656	  0.07%
134	   776	  0.08%
135	   731	  0.08%
136	   747	  0.08%
137	   757	  0.08%
138	   763	  0.08%
139	   818	  0.09%
140	   770	  0.08%
141	   670	  0.07%
142	   898	  0.09%
143	   768	  0.08%
144	   978	  0.10%
145	   752	  0.08%
146	   796	  0.08%
147	  1091	  0.11%
148	   807	  0.08%
149	   847	  0.09%
150	   745	  0.08%
151	  1066	  0.11%
152	   807	  0.08%
153	   893	  0.09%
154	  1131	  0.12%
155	  1025	  0.11%
156	   963	  0.10%
157	  1141	  0.12%
158	   953	  0.10%
159	   975	  0.10%
160	  1129	  0.12%
161	   993	  0.10%
162	  1364	  0.14%
163	  1075	  0.11%
164	  1216	  0.13%
165	  1073	  0.11%
166	  1113	  0.12%
167	  1217	  0.13%
168	  1143	  0.12%
169	  1455	  0.15%
170	  1180	  0.12%
171	  1260	  0.13%
172	  1356	  0.14%
173	  1064	  0.11%
174	  1419	  0.15%
175	  1166	  0.12%
176	  1439	  0.15%
177	  1545	  0.16%
178	  1464	  0.15%
179	  1321	  0.14%
180	  1411	  0.15%
181	  1573	  0.17%
182	  1559	  0.16%
183	  1283	  0.13%
184	  1757	  0.18%
185	  1893	  0.20%
186	  1365	  0.14%
187	  1690	  0.18%
188	  1457	  0.15%
189	  1784	  0.19%
190	  1775	  0.19%
191	  1600	  0.17%
192	  1822	  0.19%
193	  1923	  0.20%
194	  1659	  0.17%
195	  1696	  0.18%
196	  2062	  0.22%
197	  1562	  0.16%
198	  1883	  0.20%
199	  1621	  0.17%
200	  1732	  0.18%
201	  1933	  0.20%
202	  2189	  0.23%
203	  2122	  0.22%
204	  1830	  0.19%
205	  2030	  0.21%
206	  2083	  0.22%
207	  1700	  0.18%
208	  2280	  0.24%
209	  1862	  0.20%
210	  2205	  0.23%
211	  2090	  0.22%
212	  2334	  0.25%
213	  2109	  0.22%
214	  2176	  0.23%
215	  2099	  0.22%
216	  2734	  0.29%
217	  1896	  0.20%
218	  2594	  0.27%
219	  2691	  0.28%
220	  2287	  0.24%
221	  2576	  0.27%
222	  2345	  0.25%
223	  1692	  0.18%
224	  1271	  0.13%
225	   394	  0.04%
226	     0	  0.00%
227	     0	  0.00%
228	     0	  0.00%
229	     0	  0.00%
230	     0	  0.00%
231	     0	  0.00%
232	     0	  0.00%
233	     0	  0.00%
234	197334	 20.73%
235	204015	 21.43%
236	199827	 20.99%
237	187382	 19.68%
